<?xml version="1.0" encoding="UTF-8"?>
<testng-results skipped="0" failed="0" ignored="0" total="1" passed="1">
  <reporter-output>
  </reporter-output>
  <suite name="Surefire suite" duration-ms="89" started-at="2021-04-01T20:41:35 IST" finished-at="2021-04-01T20:41:35 IST">
    <groups>
    </groups>
    <test name="Surefire test" duration-ms="89" started-at="2021-04-01T20:41:35 IST" finished-at="2021-04-01T20:41:35 IST">
      <class name="com.first.maven.firstmavenproject.AppTest">
        <test-method status="PASS" signature="method1()[pri:0, instance:com.first.maven.firstmavenproject.AppTest@3bfdc050]" name="method1" duration-ms="9" started-at="2021-04-01T20:41:35 IST" finished-at="2021-04-01T20:41:35 IST">
          <reporter-output>
          </reporter-output>
        </test-method> <!-- method1 -->
      </class> <!-- com.first.maven.firstmavenproject.AppTest -->
    </test> <!-- Surefire test -->
  </suite> <!-- Surefire suite -->
</testng-results>
