<?xml version="1.0" encoding="UTF-8"?>
<testng-results ignored="0" total="1" passed="1" failed="0" skipped="0">
  <reporter-output>
  </reporter-output>
  <suite started-at="2021-04-01T19:44:03 IST" name="Default suite" finished-at="2021-04-01T19:44:03 IST" duration-ms="116">
    <groups>
    </groups>
    <test started-at="2021-04-01T19:44:03 IST" name="Default test" finished-at="2021-04-01T19:44:03 IST" duration-ms="116">
      <class name="com.first.maven.firstmavenproject.AppTest">
        <test-method signature="shouldAnswerWithTrue()[pri:0, instance:com.first.maven.firstmavenproject.AppTest@184cf7cf]" started-at="2021-04-01T19:44:03 IST" name="shouldAnswerWithTrue" finished-at="2021-04-01T19:44:03 IST" duration-ms="16" status="PASS">
          <reporter-output>
          </reporter-output>
        </test-method> <!-- shouldAnswerWithTrue -->
      </class> <!-- com.first.maven.firstmavenproject.AppTest -->
    </test> <!-- Default test -->
  </suite> <!-- Default suite -->
</testng-results>
