<?xml version="1.0" encoding="UTF-8"?>
<testng-results ignored="0" total="1" passed="1" failed="0" skipped="0">
  <reporter-output>
  </reporter-output>
  <suite started-at="2021-04-02T17:15:02 IST" name="Default suite" finished-at="2021-04-02T17:15:28 IST" duration-ms="26408">
    <groups>
    </groups>
    <test started-at="2021-04-02T17:15:02 IST" name="Default test" finished-at="2021-04-02T17:15:28 IST" duration-ms="26408">
      <class name="com.first.maven.firstmavenproject.AppTest">
        <test-method signature="method1()[pri:0, instance:com.first.maven.firstmavenproject.AppTest@3c9d0b9d]" started-at="2021-04-02T17:15:02 IST" name="method1" finished-at="2021-04-02T17:15:28 IST" duration-ms="26311" status="PASS">
          <reporter-output>
          </reporter-output>
        </test-method> <!-- method1 -->
      </class> <!-- com.first.maven.firstmavenproject.AppTest -->
    </test> <!-- Default test -->
  </suite> <!-- Default suite -->
</testng-results>
